Creating scope :group_view_details. Overwriting existing method User.group_view_details.
Creating scope :support_bot. Overwriting existing method User.support_bot.
Creating scope :alert_bot. Overwriting existing method User.alert_bot.
Creating scope :visual_review_bot. Overwriting existing method User.visual_review_bot.
Creating scope :without_statuses. Overwriting existing method Ci::Pipeline.without_statuses.
Creating scope :of_projects. Overwriting existing method MergeRequest.of_projects.
Creating scope :join_project. Overwriting existing method MergeRequest.join_project.
Creating scope :references_project. Overwriting existing method MergeRequest.references_project.
Creating scope :system. Overwriting existing method Note.system.
Creating scope :without_statuses. Overwriting existing method CommitStatus.without_statuses.
Creating scope :opened. Overwriting existing method Epic.opened.
Creating scope :closed. Overwriting existing method Epic.closed.
Creating scope :with_files_stored_remotely. Overwriting existing method Ci::JobArtifact.with_files_stored_remotely.
Raven 2.9.0 configured not to capture errors: DSN not set
Creating scope :order_name_asc. Overwriting existing method Member.order_name_asc.
Creating scope :order_name_desc. Overwriting existing method Member.order_name_desc.
Creating scope :system. Overwriting existing method Gitlab::DatabaseImporters::CommonMetrics::PrometheusMetric.system.
Creating scope :group_view_details. Overwriting existing method User.group_view_details.
Creating scope :support_bot. Overwriting existing method User.support_bot.
Creating scope :alert_bot. Overwriting existing method User.alert_bot.
Creating scope :visual_review_bot. Overwriting existing method User.visual_review_bot.
Creating scope :without_statuses. Overwriting existing method Ci::Pipeline.without_statuses.
Creating scope :of_projects. Overwriting existing method MergeRequest.of_projects.
Creating scope :join_project. Overwriting existing method MergeRequest.join_project.
Creating scope :references_project. Overwriting existing method MergeRequest.references_project.
Creating scope :system. Overwriting existing method Note.system.
Creating scope :without_statuses. Overwriting existing method CommitStatus.without_statuses.
Creating scope :opened. Overwriting existing method Epic.opened.
Creating scope :closed. Overwriting existing method Epic.closed.
Creating scope :with_files_stored_remotely. Overwriting existing method Ci::JobArtifact.with_files_stored_remotely.
Raven 2.9.0 configured not to capture errors: DSN not set
Creating scope :group_view_details. Overwriting existing method User.group_view_details.
Creating scope :support_bot. Overwriting existing method User.support_bot.
Creating scope :alert_bot. Overwriting existing method User.alert_bot.
Creating scope :visual_review_bot. Overwriting existing method User.visual_review_bot.
Creating scope :without_statuses. Overwriting existing method Ci::Pipeline.without_statuses.
Creating scope :of_projects. Overwriting existing method MergeRequest.of_projects.
Creating scope :join_project. Overwriting existing method MergeRequest.join_project.
Creating scope :references_project. Overwriting existing method MergeRequest.references_project.
Creating scope :system. Overwriting existing method Note.system.
Creating scope :without_statuses. Overwriting existing method CommitStatus.without_statuses.
Creating scope :opened. Overwriting existing method Epic.opened.
Creating scope :closed. Overwriting existing method Epic.closed.
Creating scope :with_files_stored_remotely. Overwriting existing method Ci::JobArtifact.with_files_stored_remotely.
Raven 2.9.0 configured not to capture errors: DSN not set
Creating scope :group_view_details. Overwriting existing method User.group_view_details.
Creating scope :support_bot. Overwriting existing method User.support_bot.
Creating scope :alert_bot. Overwriting existing method User.alert_bot.
Creating scope :visual_review_bot. Overwriting existing method User.visual_review_bot.
Creating scope :without_statuses. Overwriting existing method Ci::Pipeline.without_statuses.
Creating scope :with_associations. Overwriting existing method Board.with_associations.
Creating scope :without_statuses. Overwriting existing method Ci::Stage.without_statuses.
Creating scope :created. Overwriting existing method Ci::Stage.created.
Creating scope :pending. Overwriting existing method Ci::Stage.pending.
Creating scope :running. Overwriting existing method Ci::Stage.running.
Creating scope :success. Overwriting existing method Ci::Stage.success.
Creating scope :failed. Overwriting existing method Ci::Stage.failed.
Creating scope :canceled. Overwriting existing method Ci::Stage.canceled.
Creating scope :skipped. Overwriting existing method Ci::Stage.skipped.
Creating scope :manual. Overwriting existing method Ci::Stage.manual.
Creating scope :scheduled. Overwriting existing method Ci::Stage.scheduled.
Creating scope :preparing. Overwriting existing method Ci::Stage.preparing.
Creating scope :waiting_for_resource. Overwriting existing method Ci::Stage.waiting_for_resource.
Creating scope :open. Overwriting existing method ExternalPullRequest.open.
Creating scope :order_name_asc. Overwriting existing method Label.order_name_asc.
Creating scope :order_name_desc. Overwriting existing method Label.order_name_desc.
Creating scope :with_files_stored_locally. Overwriting existing method LfsObject.with_files_stored_locally.
Creating scope :with_files_stored_remotely. Overwriting existing method LfsObject.with_files_stored_remotely.
Creating scope :of_projects. Overwriting existing method MergeRequest.of_projects.
Creating scope :join_project. Overwriting existing method MergeRequest.join_project.
Creating scope :references_project. Overwriting existing method MergeRequest.references_project.
Creating scope :order_name_asc. Overwriting existing method Member.order_name_asc.
Creating scope :order_name_desc. Overwriting existing method Member.order_name_desc.
Creating scope :system. Overwriting existing method Note.system.
Creating scope :system. Overwriting existing method PrometheusMetric.system.
Creating scope :without_statuses. Overwriting existing method CommitStatus.without_statuses.
Creating scope :opened. Overwriting existing method Epic.opened.
Creating scope :closed. Overwriting existing method Epic.closed.
Creating scope :with_files_stored_remotely. Overwriting existing method Ci::JobArtifact.with_files_stored_remotely.
Raven 2.9.0 configured not to capture errors: DSN not set
Creating scope :system. Overwriting existing method Gitlab::DatabaseImporters::CommonMetrics::PrometheusMetric.system.
Creating scope :code_owner. Overwriting existing method ApprovalMergeRequestRule.code_owner.
Creating scope :failed. Overwriting existing method Geo::UploadRegistry.failed.
Creating scope :push_hooks. Overwriting existing method GroupHook.push_hooks.
Creating scope :tag_push_hooks. Overwriting existing method GroupHook.tag_push_hooks.
Creating scope :issue_hooks. Overwriting existing method GroupHook.issue_hooks.
Creating scope :confidential_issue_hooks. Overwriting existing method GroupHook.confidential_issue_hooks.
Creating scope :note_hooks. Overwriting existing method GroupHook.note_hooks.
Creating scope :merge_request_hooks. Overwriting existing method GroupHook.merge_request_hooks.
Creating scope :job_hooks. Overwriting existing method GroupHook.job_hooks.
Creating scope :pipeline_hooks. Overwriting existing method GroupHook.pipeline_hooks.
Creating scope :wiki_page_hooks. Overwriting existing method GroupHook.wiki_page_hooks.
Creating scope :merged. Overwriting existing method MergeTrain.merged.
Creating scope :order_created_desc. Overwriting existing method Packages::Package.order_created_desc.
Creating scope :order_name_desc. Overwriting existing method Packages::Package.order_name_desc.
Creating scope :with_associations. Overwriting existing method Board.with_associations.
Creating scope :without_statuses. Overwriting existing method Ci::Stage.without_statuses.
Creating scope :created. Overwriting existing method Ci::Stage.created.
Creating scope :pending. Overwriting existing method Ci::Stage.pending.
Creating scope :running. Overwriting existing method Ci::Stage.running.
Creating scope :success. Overwriting existing method Ci::Stage.success.
Creating scope :failed. Overwriting existing method Ci::Stage.failed.
Creating scope :canceled. Overwriting existing method Ci::Stage.canceled.
Creating scope :skipped. Overwriting existing method Ci::Stage.skipped.
Creating scope :manual. Overwriting existing method Ci::Stage.manual.
Creating scope :scheduled. Overwriting existing method Ci::Stage.scheduled.
Creating scope :preparing. Overwriting existing method Ci::Stage.preparing.
Creating scope :waiting_for_resource. Overwriting existing method Ci::Stage.waiting_for_resource.
Creating scope :open. Overwriting existing method ExternalPullRequest.open.
Creating scope :order_name_asc. Overwriting existing method Label.order_name_asc.
Creating scope :order_name_desc. Overwriting existing method Label.order_name_desc.
Creating scope :with_files_stored_locally. Overwriting existing method LfsObject.with_files_stored_locally.
Creating scope :with_files_stored_remotely. Overwriting existing method LfsObject.with_files_stored_remotely.
Creating scope :order_name_asc. Overwriting existing method Member.order_name_asc.
Creating scope :order_name_desc. Overwriting existing method Member.order_name_desc.
Creating scope :system. Overwriting existing method PrometheusMetric.system.
Creating scope :system. Overwriting existing method Gitlab::DatabaseImporters::CommonMetrics::PrometheusMetric.system.
Creating scope :code_owner. Overwriting existing method ApprovalMergeRequestRule.code_owner.
Creating scope :failed. Overwriting existing method Geo::UploadRegistry.failed.
Creating scope :push_hooks. Overwriting existing method GroupHook.push_hooks.
Creating scope :tag_push_hooks. Overwriting existing method GroupHook.tag_push_hooks.
Creating scope :issue_hooks. Overwriting existing method GroupHook.issue_hooks.
Creating scope :confidential_issue_hooks. Overwriting existing method GroupHook.confidential_issue_hooks.
Creating scope :note_hooks. Overwriting existing method GroupHook.note_hooks.
Creating scope :merge_request_hooks. Overwriting existing method GroupHook.merge_request_hooks.
Creating scope :job_hooks. Overwriting existing method GroupHook.job_hooks.
Creating scope :pipeline_hooks. Overwriting existing method GroupHook.pipeline_hooks.
Creating scope :wiki_page_hooks. Overwriting existing method GroupHook.wiki_page_hooks.
Creating scope :merged. Overwriting existing method MergeTrain.merged.
Creating scope :order_created_desc. Overwriting existing method Packages::Package.order_created_desc.
Creating scope :order_name_desc. Overwriting existing method Packages::Package.order_name_desc.
Started GET "/" for  at 2020-02-20 04:52:44 +0000
Processing by RootController#index as HTML
Redirected to http://example.org/users/sign_in
Filter chain halted as :redirect_unlogged_user rendered or redirected
Completed 302 Found in 46ms (ActiveRecord: 13.1ms | Elasticsearch: 0.0ms)
Started GET "/favicon.ico" for 172.28.0.1 at 2020-02-20 04:52:49 +0000
Started GET "/-/metrics" for 127.0.0.1 at 2020-02-20 04:52:52 +0000
Processing by MetricsController#index as HTML
Completed 200 OK in 40ms (Views: 27.3ms | ActiveRecord: 9.9ms | Elasticsearch: 0.0ms)
Started GET "/" for 172.28.0.1 at 2020-02-20 04:52:55 +0000
Processing by RootController#index as HTML
Redirected to http://172.28.0.3/users/sign_in
Filter chain halted as :redirect_unlogged_user rendered or redirected
Completed 302 Found in 28ms (ActiveRecord: 6.4ms | Elasticsearch: 0.0ms)
Started GET "/users/sign_in" for 172.28.0.1 at 2020-02-20 04:52:55 +0000
Processing by SessionsController#new as HTML
Redirected to http://172.28.0.3/users/password/edit?reset_password_token=QBkq-tEoVEQx-mwTJqwW
Filter chain halted as :check_initial_setup rendered or redirected
Completed 302 Found in 3562ms (ActiveRecord: 615.5ms | Elasticsearch: 0.0ms)
Started GET "/users/password/edit?reset_password_token=[FILTERED]" for 172.28.0.1 at 2020-02-20 04:52:58 +0000
Processing by PasswordsController#edit as HTML
  Parameters: {"reset_password_token"=>"[FILTERED]"}
Completed 200 OK in 1843ms (Views: 1267.7ms | ActiveRecord: 43.9ms | Elasticsearch: 0.0ms)
Started GET "/-/metrics" for 127.0.0.1 at 2020-02-20 04:53:07 +0000
Processing by MetricsController#index as HTML
Completed 200 OK in 8ms (Views: 0.4ms | ActiveRecord: 0.0ms | Elasticsearch: 0.0ms)
Started PUT "/users/password" for 172.28.0.1 at 2020-02-20 04:53:13 +0000
Processing by PasswordsController#update as HTML
  Parameters: {"utf8"=>"✓", "authenticity_token"=>"[FILTERED]", "user"=>{"reset_password_token"=>"[FILTERED]", "password"=>"[FILTERED]", "password_confirmation"=>"[FILTERED]"}}
Creating scope :group_view_details. Overwriting existing method User.group_view_details.
Creating scope :support_bot. Overwriting existing method User.support_bot.
Creating scope :alert_bot. Overwriting existing method User.alert_bot.
Creating scope :visual_review_bot. Overwriting existing method User.visual_review_bot.
[ActiveJob] Enqueued ActionMailer::DeliveryJob (Job ID: 334aa744-e4fa-4864-9a86-7dd44d3e5e68) to Sidekiq(mailers) with arguments: "DeviseMailer", "password_change", "deliver_now", #<GlobalID:0x00007f2a9d591bd0 @uri=#<URI::GID gid://gitlab/User/1>>
[ActiveJob] [ActionMailer::DeliveryJob] [334aa744-e4fa-4864-9a86-7dd44d3e5e68] Performing ActionMailer::DeliveryJob (Job ID: 334aa744-e4fa-4864-9a86-7dd44d3e5e68) from Sidekiq(mailers) with arguments: "DeviseMailer", "password_change", "deliver_now", #<GlobalID:0x00007fb8b5b89140 @uri=#<URI::GID gid://gitlab/User/1>>
Creating scope :without_statuses. Overwriting existing method Ci::Pipeline.without_statuses.
Redirected to http://172.28.0.3/users/sign_in
Completed 302 Found in 1469ms (ActiveRecord: 90.5ms | Elasticsearch: 0.0ms)
Started GET "/users/sign_in" for 172.28.0.1 at 2020-02-20 04:53:14 +0000
Processing by SessionsController#new as HTML
Completed 200 OK in 127ms (Views: 95.8ms | ActiveRecord: 13.5ms | Elasticsearch: 0.0ms)
[ActiveJob] [ActionMailer::DeliveryJob] [334aa744-e4fa-4864-9a86-7dd44d3e5e68] Sent mail to admin@example.com (9.1ms)
[ActiveJob] [ActionMailer::DeliveryJob] [334aa744-e4fa-4864-9a86-7dd44d3e5e68] Performed ActionMailer::DeliveryJob (Job ID: 334aa744-e4fa-4864-9a86-7dd44d3e5e68) from Sidekiq(mailers) in 603.53ms
Creating scope :of_projects. Overwriting existing method MergeRequest.of_projects.
Creating scope :join_project. Overwriting existing method MergeRequest.join_project.
Creating scope :references_project. Overwriting existing method MergeRequest.references_project.
Creating scope :system. Overwriting existing method Note.system.
Creating scope :without_statuses. Overwriting existing method CommitStatus.without_statuses.
Creating scope :opened. Overwriting existing method Epic.opened.
Creating scope :closed. Overwriting existing method Epic.closed.
Creating scope :with_files_stored_remotely. Overwriting existing method Ci::JobArtifact.with_files_stored_remotely.
Raven 2.9.0 configured not to capture errors: DSN not set
Started GET "/-/metrics" for 127.0.0.1 at 2020-02-20 04:53:22 +0000
Processing by MetricsController#index as HTML
Completed 200 OK in 8ms (Views: 0.4ms | ActiveRecord: 0.0ms | Elasticsearch: 0.0ms)
Started POST "/users/sign_in" for 172.28.0.1 at 2020-02-20 04:53:22 +0000
Processing by SessionsController#create as HTML
  Parameters: {"utf8"=>"✓", "authenticity_token"=>"[FILTERED]", "user"=>{"login"=>"roto", "password"=>"[FILTERED]", "remember_me"=>"0"}}
Completed 401 Unauthorized in 10ms (ActiveRecord: 1.7ms | Elasticsearch: 0.0ms)
Processing by SessionsController#new as HTML
  Parameters: {"utf8"=>"✓", "authenticity_token"=>"[FILTERED]", "user"=>{"login"=>"roto", "password"=>"[FILTERED]", "remember_me"=>"0"}}
Creating scope :with_associations. Overwriting existing method Board.with_associations.
Creating scope :without_statuses. Overwriting existing method Ci::Stage.without_statuses.
Creating scope :created. Overwriting existing method Ci::Stage.created.
Creating scope :pending. Overwriting existing method Ci::Stage.pending.
Creating scope :running. Overwriting existing method Ci::Stage.running.
Creating scope :success. Overwriting existing method Ci::Stage.success.
Creating scope :failed. Overwriting existing method Ci::Stage.failed.
Creating scope :canceled. Overwriting existing method Ci::Stage.canceled.
Creating scope :skipped. Overwriting existing method Ci::Stage.skipped.
Creating scope :manual. Overwriting existing method Ci::Stage.manual.
Creating scope :scheduled. Overwriting existing method Ci::Stage.scheduled.
Creating scope :preparing. Overwriting existing method Ci::Stage.preparing.
Creating scope :waiting_for_resource. Overwriting existing method Ci::Stage.waiting_for_resource.
Completed 200 OK in 144ms (Views: 16.3ms | ActiveRecord: 25.9ms | Elasticsearch: 0.0ms)
Creating scope :open. Overwriting existing method ExternalPullRequest.open.
Creating scope :order_name_asc. Overwriting existing method Label.order_name_asc.
Creating scope :order_name_desc. Overwriting existing method Label.order_name_desc.
Creating scope :with_files_stored_locally. Overwriting existing method LfsObject.with_files_stored_locally.
Creating scope :with_files_stored_remotely. Overwriting existing method LfsObject.with_files_stored_remotely.
Creating scope :order_name_asc. Overwriting existing method Member.order_name_asc.
Creating scope :order_name_desc. Overwriting existing method Member.order_name_desc.
Creating scope :system. Overwriting existing method PrometheusMetric.system.
Creating scope :system. Overwriting existing method Gitlab::DatabaseImporters::CommonMetrics::PrometheusMetric.system.
Started GET "/help" for 127.0.0.1 at 2020-02-20 04:53:27 +0000
Processing by HelpController#index as */*
Completed 200 OK in 888ms (Views: 845.6ms | ActiveRecord: 6.3ms | Elasticsearch: 0.0ms)
Creating scope :code_owner. Overwriting existing method ApprovalMergeRequestRule.code_owner.
Creating scope :failed. Overwriting existing method Geo::UploadRegistry.failed.
Creating scope :push_hooks. Overwriting existing method GroupHook.push_hooks.
Creating scope :tag_push_hooks. Overwriting existing method GroupHook.tag_push_hooks.
Creating scope :issue_hooks. Overwriting existing method GroupHook.issue_hooks.
Creating scope :confidential_issue_hooks. Overwriting existing method GroupHook.confidential_issue_hooks.
Creating scope :note_hooks. Overwriting existing method GroupHook.note_hooks.
Creating scope :merge_request_hooks. Overwriting existing method GroupHook.merge_request_hooks.
Creating scope :job_hooks. Overwriting existing method GroupHook.job_hooks.
Creating scope :pipeline_hooks. Overwriting existing method GroupHook.pipeline_hooks.
Creating scope :wiki_page_hooks. Overwriting existing method GroupHook.wiki_page_hooks.
Creating scope :merged. Overwriting existing method MergeTrain.merged.
Creating scope :order_created_desc. Overwriting existing method Packages::Package.order_created_desc.
Creating scope :order_name_desc. Overwriting existing method Packages::Package.order_name_desc.
Started POST "/users/sign_in" for 172.28.0.1 at 2020-02-20 04:53:30 +0000
Processing by SessionsController#create as HTML
  Parameters: {"utf8"=>"✓", "authenticity_token"=>"[FILTERED]", "user"=>{"login"=>"root", "password"=>"[FILTERED]", "remember_me"=>"0"}}
Redirected to http://172.28.0.3/
Completed 302 Found in 332ms (ActiveRecord: 107.9ms | Elasticsearch: 0.0ms)
Started GET "/" for 172.28.0.1 at 2020-02-20 04:53:31 +0000
Processing by RootController#index as HTML
Completed 200 OK in 2475ms (Views: 1535.2ms | ActiveRecord: 626.6ms | Elasticsearch: 0.0ms)
Started GET "/-/metrics" for 127.0.0.1 at 2020-02-20 04:53:37 +0000
Processing by MetricsController#index as HTML
Completed 200 OK in 11ms (Views: 1.1ms | ActiveRecord: 0.0ms | Elasticsearch: 0.0ms)
Started POST "/users/sign_out" for 172.28.0.1 at 2020-02-20 04:53:38 +0000
Processing by SessionsController#destroy as HTML
  Parameters: {"authenticity_token"=>"[FILTERED]"}
Redirected to http://172.28.0.3/users/sign_in
Completed 302 Found in 122ms (ActiveRecord: 98.3ms | Elasticsearch: 0.0ms)
Started GET "/users/sign_in" for 172.28.0.1 at 2020-02-20 04:53:38 +0000
Processing by SessionsController#new as HTML
Completed 200 OK in 31ms (Views: 16.0ms | ActiveRecord: 3.1ms | Elasticsearch: 0.0ms)
Started GET "/-/metrics" for 127.0.0.1 at 2020-02-20 04:53:52 +0000
Processing by MetricsController#index as HTML
Completed 200 OK in 11ms (Views: 0.4ms | ActiveRecord: 0.0ms | Elasticsearch: 0.0ms)
Started GET "/-/metrics" for 127.0.0.1 at 2020-02-20 04:54:07 +0000
Processing by MetricsController#index as HTML
Completed 200 OK in 17ms (Views: 3.9ms | ActiveRecord: 0.0ms | Elasticsearch: 0.0ms)
Creating scope :group_view_details. Overwriting existing method User.group_view_details.
Creating scope :support_bot. Overwriting existing method User.support_bot.
Creating scope :alert_bot. Overwriting existing method User.alert_bot.
Creating scope :visual_review_bot. Overwriting existing method User.visual_review_bot.
Creating scope :without_statuses. Overwriting existing method Ci::Pipeline.without_statuses.
Creating scope :of_projects. Overwriting existing method MergeRequest.of_projects.
Creating scope :join_project. Overwriting existing method MergeRequest.join_project.
Creating scope :references_project. Overwriting existing method MergeRequest.references_project.
Creating scope :system. Overwriting existing method Note.system.
Creating scope :without_statuses. Overwriting existing method CommitStatus.without_statuses.
Creating scope :opened. Overwriting existing method Epic.opened.
Creating scope :closed. Overwriting existing method Epic.closed.
Creating scope :with_files_stored_remotely. Overwriting existing method Ci::JobArtifact.with_files_stored_remotely.
Raven 2.9.0 configured not to capture errors: DSN not set
Started GET "/-/metrics" for 127.0.0.1 at 2020-02-20 04:54:22 +0000
Processing by MetricsController#index as HTML
Completed 200 OK in 17ms (Views: 4.0ms | ActiveRecord: 0.0ms | Elasticsearch: 0.0ms)
Started GET "/help" for 127.0.0.1 at 2020-02-20 04:54:29 +0000
Processing by HelpController#index as */*
Completed 200 OK in 857ms (Views: 806.4ms | ActiveRecord: 38.8ms | Elasticsearch: 0.0ms)
Started GET "/-/metrics" for 127.0.0.1 at 2020-02-20 04:54:37 +0000
Processing by MetricsController#index as HTML
Completed 200 OK in 12ms (Views: 0.4ms | ActiveRecord: 0.0ms | Elasticsearch: 0.0ms)
Started GET "/-/metrics" for 127.0.0.1 at 2020-02-20 04:54:52 +0000
Processing by MetricsController#index as HTML
Completed 200 OK in 12ms (Views: 0.9ms | ActiveRecord: 0.0ms | Elasticsearch: 0.0ms)
Started GET "/-/metrics" for 127.0.0.1 at 2020-02-20 04:55:07 +0000
Processing by MetricsController#index as HTML
Completed 200 OK in 21ms (Views: 6.4ms | ActiveRecord: 1.2ms | Elasticsearch: 0.0ms)
Creating scope :without_statuses. Overwriting existing method Ci::Pipeline.without_statuses.
Creating scope :of_projects. Overwriting existing method MergeRequest.of_projects.
Creating scope :join_project. Overwriting existing method MergeRequest.join_project.
Creating scope :references_project. Overwriting existing method MergeRequest.references_project.
Creating scope :system. Overwriting existing method Note.system.
Creating scope :without_statuses. Overwriting existing method CommitStatus.without_statuses.
Raven 2.9.0 configured not to capture errors: DSN not set
Creating scope :without_statuses. Overwriting existing method Ci::Pipeline.without_statuses.
Creating scope :of_projects. Overwriting existing method MergeRequest.of_projects.
Creating scope :join_project. Overwriting existing method MergeRequest.join_project.
Creating scope :references_project. Overwriting existing method MergeRequest.references_project.
Creating scope :system. Overwriting existing method Note.system.
Creating scope :without_statuses. Overwriting existing method CommitStatus.without_statuses.
Raven 2.9.0 configured not to capture errors: DSN not set
Creating scope :without_statuses. Overwriting existing method Ci::Pipeline.without_statuses.
Creating scope :of_projects. Overwriting existing method MergeRequest.of_projects.
Creating scope :join_project. Overwriting existing method MergeRequest.join_project.
Creating scope :references_project. Overwriting existing method MergeRequest.references_project.
Creating scope :system. Overwriting existing method Note.system.
Creating scope :without_statuses. Overwriting existing method CommitStatus.without_statuses.
Raven 2.9.0 configured not to capture errors: DSN not set
Creating scope :without_statuses. Overwriting existing method Ci::Stage.without_statuses.
Creating scope :created. Overwriting existing method Ci::Stage.created.
Creating scope :pending. Overwriting existing method Ci::Stage.pending.
Creating scope :running. Overwriting existing method Ci::Stage.running.
Creating scope :success. Overwriting existing method Ci::Stage.success.
Creating scope :failed. Overwriting existing method Ci::Stage.failed.
Creating scope :canceled. Overwriting existing method Ci::Stage.canceled.
Creating scope :skipped. Overwriting existing method Ci::Stage.skipped.
Creating scope :manual. Overwriting existing method Ci::Stage.manual.
Creating scope :scheduled. Overwriting existing method Ci::Stage.scheduled.
Creating scope :preparing. Overwriting existing method Ci::Stage.preparing.
Creating scope :waiting_for_resource. Overwriting existing method Ci::Stage.waiting_for_resource.
Creating scope :open. Overwriting existing method ExternalPullRequest.open.
Creating scope :order_name_asc. Overwriting existing method Label.order_name_asc.
Creating scope :order_name_desc. Overwriting existing method Label.order_name_desc.
Creating scope :order_name_asc. Overwriting existing method Member.order_name_asc.
Creating scope :order_name_desc. Overwriting existing method Member.order_name_desc.
Creating scope :system. Overwriting existing method PrometheusMetric.system.
Creating scope :system. Overwriting existing method Gitlab::DatabaseImporters::CommonMetrics::PrometheusMetric.system.
Creating scope :without_statuses. Overwriting existing method Ci::Pipeline.without_statuses.
Creating scope :of_projects. Overwriting existing method MergeRequest.of_projects.
Creating scope :join_project. Overwriting existing method MergeRequest.join_project.
Creating scope :references_project. Overwriting existing method MergeRequest.references_project.
Creating scope :system. Overwriting existing method Note.system.
Creating scope :without_statuses. Overwriting existing method CommitStatus.without_statuses.
Raven 2.9.0 configured not to capture errors: DSN not set
Creating scope :without_statuses. Overwriting existing method Ci::Stage.without_statuses.
Creating scope :created. Overwriting existing method Ci::Stage.created.
Creating scope :pending. Overwriting existing method Ci::Stage.pending.
Creating scope :running. Overwriting existing method Ci::Stage.running.
Creating scope :success. Overwriting existing method Ci::Stage.success.
Creating scope :failed. Overwriting existing method Ci::Stage.failed.
Creating scope :canceled. Overwriting existing method Ci::Stage.canceled.
Creating scope :skipped. Overwriting existing method Ci::Stage.skipped.
Creating scope :manual. Overwriting existing method Ci::Stage.manual.
Creating scope :scheduled. Overwriting existing method Ci::Stage.scheduled.
Creating scope :preparing. Overwriting existing method Ci::Stage.preparing.
Creating scope :waiting_for_resource. Overwriting existing method Ci::Stage.waiting_for_resource.
Creating scope :open. Overwriting existing method ExternalPullRequest.open.
Creating scope :order_name_asc. Overwriting existing method Label.order_name_asc.
Creating scope :order_name_desc. Overwriting existing method Label.order_name_desc.
Creating scope :order_name_asc. Overwriting existing method Member.order_name_asc.
Creating scope :order_name_desc. Overwriting existing method Member.order_name_desc.
Creating scope :system. Overwriting existing method PrometheusMetric.system.
Started GET "/" for  at 2020-02-20 04:58:51 +0000
Creating scope :system. Overwriting existing method Gitlab::DatabaseImporters::CommonMetrics::PrometheusMetric.system.
Processing by RootController#index as HTML
Redirected to http://example.org/users/sign_in
Filter chain halted as :redirect_unlogged_user rendered or redirected
Completed 302 Found in 52ms (ActiveRecord: 15.4ms | Elasticsearch: 0.0ms)
Started GET "/help" for 127.0.0.1 at 2020-02-20 04:59:02 +0000
Processing by HelpController#index as */*
Started GET "/-/metrics" for 127.0.0.1 at 2020-02-20 04:59:04 +0000
Processing by MetricsController#index as HTML
Completed 200 OK in 333ms (Views: 4.1ms | Elasticsearch: 0.0ms)
Completed 200 OK in 5200ms (Views: 5190.4ms | ActiveRecord: 473.1ms | Elasticsearch: 0.0ms)
Creating scope :without_statuses. Overwriting existing method Ci::Pipeline.without_statuses.
Creating scope :of_projects. Overwriting existing method MergeRequest.of_projects.
Creating scope :join_project. Overwriting existing method MergeRequest.join_project.
Creating scope :references_project. Overwriting existing method MergeRequest.references_project.
Creating scope :system. Overwriting existing method Note.system.
Creating scope :without_statuses. Overwriting existing method CommitStatus.without_statuses.
Raven 2.9.0 configured not to capture errors: DSN not set
Started GET "/-/metrics" for 127.0.0.1 at 2020-02-20 04:59:34 +0000
Processing by MetricsController#index as HTML
Completed 200 OK in 18ms (Views: 5.7ms | ActiveRecord: 0.9ms | Elasticsearch: 0.0ms)
Started GET "/" for 172.28.0.1 at 2020-02-20 04:59:37 +0000
Processing by RootController#index as HTML
Redirected to http://172.28.0.3/users/sign_in
Filter chain halted as :redirect_unlogged_user rendered or redirected
Completed 302 Found in 10ms (ActiveRecord: 0.0ms | Elasticsearch: 0.0ms)
Started GET "/users/sign_in" for 172.28.0.1 at 2020-02-20 04:59:38 +0000
Processing by SessionsController#new as HTML
Completed 200 OK in 866ms (Views: 230.0ms | ActiveRecord: 51.0ms | Elasticsearch: 0.0ms)
Started GET "/-/metrics" for 127.0.0.1 at 2020-02-20 04:59:49 +0000
Processing by MetricsController#index as HTML
Completed 200 OK in 12ms (Views: 1.4ms | ActiveRecord: 0.0ms | Elasticsearch: 0.0ms)
Started GET "/-/metrics" for 127.0.0.1 at 2020-02-20 05:00:04 +0000
Processing by MetricsController#index as HTML
Completed 200 OK in 18ms (Views: 4.3ms | ActiveRecord: 0.0ms | Elasticsearch: 0.0ms)
Started GET "/help" for 127.0.0.1 at 2020-02-20 05:00:08 +0000
Processing by HelpController#index as */*
Completed 200 OK in 689ms (Views: 665.2ms | ActiveRecord: 15.6ms | Elasticsearch: 0.0ms)
Started POST "/users/sign_in" for 172.28.0.1 at 2020-02-20 05:00:10 +0000
Processing by SessionsController#create as HTML
  Parameters: {"utf8"=>"✓", "authenticity_token"=>"[FILTERED]", "user"=>{"login"=>"root", "password"=>"[FILTERED]", "remember_me"=>"0"}}
Completed 401 Unauthorized in 1028ms (ActiveRecord: 91.4ms | Elasticsearch: 0.0ms)
Processing by SessionsController#new as HTML
  Parameters: {"utf8"=>"✓", "authenticity_token"=>"[FILTERED]", "user"=>{"login"=>"root", "password"=>"[FILTERED]", "remember_me"=>"0"}}
Completed 200 OK in 260ms (Views: 145.7ms | ActiveRecord: 15.1ms | Elasticsearch: 0.0ms)
Started GET "/-/metrics" for 127.0.0.1 at 2020-02-20 05:00:19 +0000
Processing by MetricsController#index as HTML
Completed 200 OK in 13ms (Views: 0.4ms | ActiveRecord: 0.0ms | Elasticsearch: 0.0ms)
Started POST "/users/sign_in" for 172.28.0.1 at 2020-02-20 05:00:23 +0000
Processing by SessionsController#create as HTML
  Parameters: {"utf8"=>"✓", "authenticity_token"=>"[FILTERED]", "user"=>{"login"=>"root", "password"=>"[FILTERED]", "remember_me"=>"0"}}
Completed 401 Unauthorized in 122ms (ActiveRecord: 34.3ms | Elasticsearch: 0.0ms)
Processing by SessionsController#new as HTML
  Parameters: {"utf8"=>"✓", "authenticity_token"=>"[FILTERED]", "user"=>{"login"=>"root", "password"=>"[FILTERED]", "remember_me"=>"0"}}
Completed 200 OK in 92ms (Views: 16.1ms | ActiveRecord: 3.5ms | Elasticsearch: 0.0ms)
StuckCiJobsWorker: Cleaning stuck builds
Started GET "/users/rahul/exists" for 172.28.0.1 at 2020-02-20 05:00:31 +0000
Processing by UsersController#exists as JSON
  Parameters: {"username"=>"rahul"}
Completed 200 OK in 14ms (Views: 0.2ms | ActiveRecord: 4.1ms | Elasticsearch: 0.0ms)
Started GET "/-/metrics" for 127.0.0.1 at 2020-02-20 05:00:34 +0000
Processing by MetricsController#index as HTML
Completed 200 OK in 16ms (Views: 0.7ms | ActiveRecord: 0.0ms | Elasticsearch: 0.0ms)
Started GET "/-/metrics" for 127.0.0.1 at 2020-02-20 05:00:49 +0000
Processing by MetricsController#index as HTML
Completed 200 OK in 10ms (Views: 0.3ms | ActiveRecord: 0.0ms | Elasticsearch: 0.0ms)
Started POST "/users" for 172.28.0.1 at 2020-02-20 05:00:50 +0000
Processing by RegistrationsController#create as HTML
  Parameters: {"utf8"=>"✓", "authenticity_token"=>"[FILTERED]", "new_user"=>{"name"=>"Rahul", "username"=>"rahul", "email"=>"rahulk@1wayit.com", "email_confirmation"=>"rahulk@1wayit.com", "password"=>"[FILTERED]"}}
Potential spam detected for IP 172.28.0.1. Invisible Captcha timestamp not found in session.
Redirected to http://172.28.0.3/dashboard/projects
Completed 302 Found in 1173ms (ActiveRecord: 228.4ms | Elasticsearch: 0.0ms)
Started GET "/dashboard/projects" for 172.28.0.1 at 2020-02-20 05:00:52 +0000
Processing by Dashboard::ProjectsController#index as HTML
Completed 200 OK in 4625ms (Views: 3488.7ms | ActiveRecord: 621.5ms | Elasticsearch: 0.0ms)
Started GET "/profile" for 172.28.0.1 at 2020-02-20 05:01:00 +0000
Processing by ProfilesController#show as HTML
Completed 200 OK in 1368ms (Views: 739.7ms | ActiveRecord: 152.1ms | Elasticsearch: 0.0ms)
Started GET "/-/metrics" for 127.0.0.1 at 2020-02-20 05:01:04 +0000
Processing by MetricsController#index as HTML
Completed 200 OK in 144ms (Views: 124.9ms | ActiveRecord: 0.0ms | Elasticsearch: 0.0ms)
Started GET "/help" for 127.0.0.1 at 2020-02-20 05:01:09 +0000
Processing by HelpController#index as */*
Started GET "/profile/account" for 172.28.0.1 at 2020-02-20 05:01:11 +0000
Processing by Profiles::AccountsController#show as HTML
Completed 200 OK in 2043ms (Views: 1194.2ms | ActiveRecord: 24.6ms | Elasticsearch: 0.0ms)
Completed 200 OK in 5249ms (Views: 5225.7ms | ActiveRecord: 14.5ms | Elasticsearch: 0.0ms)
Started GET "/-/metrics" for 127.0.0.1 at 2020-02-20 05:01:19 +0000
Processing by MetricsController#index as HTML
Completed 200 OK in 31ms (Views: 6.7ms | ActiveRecord: 0.0ms | Elasticsearch: 0.0ms)
Started GET "/admin" for 172.28.0.1 at 2020-02-20 05:01:24 +0000
Processing by Admin::DashboardController#index as HTML
Filter chain halted as :authenticate_admin! rendered or redirected
Completed 404 Not Found in 352ms (Views: 339.8ms | ActiveRecord: 2.1ms | Elasticsearch: 0.0ms)
Started GET "/favicon.ico" for 172.28.0.1 at 2020-02-20 05:01:25 +0000
Started GET "/profile/account" for 172.28.0.1 at 2020-02-20 05:01:27 +0000
Processing by Profiles::AccountsController#show as HTML
Completed 200 OK in 54ms (Views: 36.8ms | ActiveRecord: 6.6ms | Elasticsearch: 0.0ms)
Started GET "/-/metrics" for 127.0.0.1 at 2020-02-20 05:01:34 +0000
Processing by MetricsController#index as HTML
Completed 200 OK in 13ms (Views: 0.5ms | ActiveRecord: 0.0ms | Elasticsearch: 0.0ms)
Started GET "/-/instance_statistics" for 172.28.0.1 at 2020-02-20 05:01:45 +0000
Started GET "/-/instance_statistics/dev_ops_score" for 172.28.0.1 at 2020-02-20 05:01:45 +0000
Processing by InstanceStatistics::DevOpsScoreController#index as HTML
Started GET "/" for 172.28.0.1 at 2020-02-20 05:01:47 +0000
Processing by RootController#index as HTML
Completed 200 OK in 277ms (Views: 156.5ms | ActiveRecord: 14.6ms | Elasticsearch: 0.0ms)
Started GET "/-/metrics" for 127.0.0.1 at 2020-02-20 05:01:49 +0000
Processing by MetricsController#index as HTML
Completed 200 OK in 27ms (Views: 0.4ms | ActiveRecord: 0.0ms | Elasticsearch: 0.0ms)
Completed 200 OK in 4608ms (Views: 2201.1ms | ActiveRecord: 226.6ms | Elasticsearch: 0.0ms)
Started POST "/users/sign_out" for 172.28.0.1 at 2020-02-20 05:01:59 +0000
Processing by SessionsController#destroy as HTML
  Parameters: {"authenticity_token"=>"[FILTERED]"}
Redirected to http://172.28.0.3/users/sign_in
Completed 302 Found in 32ms (ActiveRecord: 4.1ms | Elasticsearch: 0.0ms)
Started GET "/users/sign_in" for 172.28.0.1 at 2020-02-20 05:01:59 +0000
Processing by SessionsController#new as HTML
Completed 200 OK in 124ms (Views: 97.2ms | ActiveRecord: 2.3ms | Elasticsearch: 0.0ms)
Started GET "/-/metrics" for 127.0.0.1 at 2020-02-20 05:02:04 +0000
Processing by MetricsController#index as HTML
Completed 200 OK in 15ms (Views: 0.4ms | ActiveRecord: 0.0ms | Elasticsearch: 0.0ms)
Started GET "/help" for 127.0.0.1 at 2020-02-20 05:02:15 +0000
Processing by HelpController#index as */*
Completed 200 OK in 350ms (Views: 343.7ms | ActiveRecord: 1.0ms | Elasticsearch: 0.0ms)
Started GET "/-/metrics" for 127.0.0.1 at 2020-02-20 05:02:19 +0000
Processing by MetricsController#index as HTML
Completed 200 OK in 14ms (Views: 1.0ms | ActiveRecord: 0.0ms | Elasticsearch: 0.0ms)
Started GET "/-/metrics" for 127.0.0.1 at 2020-02-20 05:02:34 +0000
Processing by MetricsController#index as HTML
Completed 200 OK in 12ms (Views: 0.4ms | ActiveRecord: 0.0ms | Elasticsearch: 0.0ms)
Started POST "/users/sign_in" for 172.28.0.1 at 2020-02-20 05:02:36 +0000
Processing by SessionsController#create as HTML
  Parameters: {"utf8"=>"✓", "authenticity_token"=>"[FILTERED]", "user"=>{"login"=>"root", "password"=>"[FILTERED]", "remember_me"=>"0"}}
Completed 401 Unauthorized in 422ms (ActiveRecord: 184.7ms | Elasticsearch: 0.0ms)
Processing by SessionsController#new as HTML
  Parameters: {"utf8"=>"✓", "authenticity_token"=>"[FILTERED]", "user"=>{"login"=>"root", "password"=>"[FILTERED]", "remember_me"=>"0"}}
Completed 200 OK in 89ms (Views: 15.0ms | ActiveRecord: 2.0ms | Elasticsearch: 0.0ms)
Started POST "/users/sign_in" for 172.28.0.1 at 2020-02-20 05:02:45 +0000
Processing by SessionsController#create as HTML
  Parameters: {"utf8"=>"✓", "authenticity_token"=>"[FILTERED]", "user"=>{"login"=>"root", "password"=>"[FILTERED]", "remember_me"=>"0"}}
Completed 401 Unauthorized in 210ms (ActiveRecord: 119.8ms | Elasticsearch: 0.0ms)
Processing by SessionsController#new as HTML
  Parameters: {"utf8"=>"✓", "authenticity_token"=>"[FILTERED]", "user"=>{"login"=>"root", "password"=>"[FILTERED]", "remember_me"=>"0"}}
Completed 200 OK in 86ms (Views: 14.9ms | ActiveRecord: 1.9ms | Elasticsearch: 0.0ms)
Started GET "/-/metrics" for 127.0.0.1 at 2020-02-20 05:02:49 +0000
Processing by MetricsController#index as HTML
Completed 200 OK in 12ms (Views: 0.4ms | ActiveRecord: 0.0ms | Elasticsearch: 0.0ms)
Started GET "/-/metrics" for 127.0.0.1 at 2020-02-20 05:03:04 +0000
Processing by MetricsController#index as HTML
Completed 200 OK in 17ms (Views: 0.4ms | ActiveRecord: 0.0ms | Elasticsearch: 0.0ms)
Started POST "/users/sign_in" for 172.28.0.1 at 2020-02-20 05:03:04 +0000
Processing by SessionsController#create as HTML
  Parameters: {"utf8"=>"✓", "authenticity_token"=>"[FILTERED]", "user"=>{"login"=>"root", "password"=>"[FILTERED]", "remember_me"=>"0"}}
[ActiveJob] Enqueued ActionMailer::DeliveryJob (Job ID: d4f28f13-8ae0-4355-a370-4ac5aa0c75f5) to Sidekiq(mailers) with arguments: "DeviseMailer", "unlock_instructions", "deliver_now", #<GlobalID:0x00007f058f25acd8 @uri=#<URI::GID gid://gitlab/User/1>>, "B1NawVByy7CKJrmz9nwF", {}
Completed 401 Unauthorized in 303ms (ActiveRecord: 48.0ms | Elasticsearch: 0.0ms)
Processing by SessionsController#new as HTML
  Parameters: {"utf8"=>"✓", "authenticity_token"=>"[FILTERED]", "user"=>{"login"=>"root", "password"=>"[FILTERED]", "remember_me"=>"0"}}
Completed 200 OK in 89ms (Views: 16.7ms | ActiveRecord: 1.6ms | Elasticsearch: 0.0ms)
[ActiveJob] [ActionMailer::DeliveryJob] [d4f28f13-8ae0-4355-a370-4ac5aa0c75f5] Performing ActionMailer::DeliveryJob (Job ID: d4f28f13-8ae0-4355-a370-4ac5aa0c75f5) from Sidekiq(mailers) with arguments: "DeviseMailer", "unlock_instructions", "deliver_now", #<GlobalID:0x00007fbfca04f218 @uri=#<URI::GID gid://gitlab/User/1>>, "B1NawVByy7CKJrmz9nwF", {}
[ActiveJob] [ActionMailer::DeliveryJob] [d4f28f13-8ae0-4355-a370-4ac5aa0c75f5] Sent mail to admin@example.com (16.2ms)
[ActiveJob] [ActionMailer::DeliveryJob] [d4f28f13-8ae0-4355-a370-4ac5aa0c75f5] Performed ActionMailer::DeliveryJob (Job ID: d4f28f13-8ae0-4355-a370-4ac5aa0c75f5) from Sidekiq(mailers) in 463.17ms
Started GET "/help" for 127.0.0.1 at 2020-02-20 05:03:16 +0000
Processing by HelpController#index as */*
Completed 200 OK in 568ms (Views: 552.2ms | ActiveRecord: 1.1ms | Elasticsearch: 0.0ms)
Started GET "/-/metrics" for 127.0.0.1 at 2020-02-20 05:03:19 +0000
Processing by MetricsController#index as HTML
Completed 200 OK in 14ms (Views: 0.4ms | ActiveRecord: 0.0ms | Elasticsearch: 0.0ms)
Started GET "/-/metrics" for 127.0.0.1 at 2020-02-20 05:03:34 +0000
Processing by MetricsController#index as HTML
Completed 200 OK in 12ms (Views: 0.3ms | ActiveRecord: 0.0ms | Elasticsearch: 0.0ms)
Started GET "/-/metrics" for 127.0.0.1 at 2020-02-20 05:03:49 +0000
Processing by MetricsController#index as HTML
Completed 200 OK in 13ms (Views: 0.6ms | ActiveRecord: 0.0ms | Elasticsearch: 0.0ms)
Started GET "/-/metrics" for 127.0.0.1 at 2020-02-20 05:04:04 +0000
Processing by MetricsController#index as HTML
Completed 200 OK in 12ms (Views: 0.4ms | ActiveRecord: 0.0ms | Elasticsearch: 0.0ms)
Started GET "/help" for 127.0.0.1 at 2020-02-20 05:04:17 +0000
Processing by HelpController#index as */*
Completed 200 OK in 378ms (Views: 374.0ms | ActiveRecord: 0.8ms | Elasticsearch: 0.0ms)
Started GET "/-/metrics" for 127.0.0.1 at 2020-02-20 05:04:19 +0000
Processing by MetricsController#index as HTML
Completed 200 OK in 15ms (Views: 0.4ms | ActiveRecord: 0.0ms | Elasticsearch: 0.0ms)
Started GET "/-/metrics" for 127.0.0.1 at 2020-02-20 05:04:34 +0000
Processing by MetricsController#index as HTML
Completed 200 OK in 17ms (Views: 0.3ms | ActiveRecord: 0.0ms | Elasticsearch: 0.0ms)
Started GET "/-/metrics" for 127.0.0.1 at 2020-02-20 05:04:49 +0000
Processing by MetricsController#index as HTML
Completed 200 OK in 12ms (Views: 0.3ms | ActiveRecord: 0.0ms | Elasticsearch: 0.0ms)
Started GET "/-/metrics" for 127.0.0.1 at 2020-02-20 05:05:04 +0000
Processing by MetricsController#index as HTML
Completed 200 OK in 15ms (Views: 0.4ms | ActiveRecord: 0.0ms | Elasticsearch: 0.0ms)
Started GET "/help" for 127.0.0.1 at 2020-02-20 05:05:18 +0000
Processing by HelpController#index as */*
Completed 200 OK in 593ms (Views: 584.3ms | ActiveRecord: 1.0ms | Elasticsearch: 0.0ms)
Started GET "/-/metrics" for 127.0.0.1 at 2020-02-20 05:05:19 +0000
Processing by MetricsController#index as HTML
Completed 200 OK in 14ms (Views: 0.4ms | ActiveRecord: 0.0ms | Elasticsearch: 0.0ms)
Started GET "/-/metrics" for 127.0.0.1 at 2020-02-20 05:05:34 +0000
Processing by MetricsController#index as HTML
Completed 200 OK in 17ms (Views: 0.4ms | ActiveRecord: 0.0ms | Elasticsearch: 0.0ms)
Started GET "/-/metrics" for 127.0.0.1 at 2020-02-20 05:05:49 +0000
Processing by MetricsController#index as HTML
Completed 200 OK in 13ms (Views: 0.4ms | ActiveRecord: 0.0ms | Elasticsearch: 0.0ms)
Started GET "/-/metrics" for 127.0.0.1 at 2020-02-20 05:06:04 +0000
Processing by MetricsController#index as HTML
Completed 200 OK in 13ms (Views: 0.4ms | ActiveRecord: 0.0ms | Elasticsearch: 0.0ms)
Started GET "/-/metrics" for 127.0.0.1 at 2020-02-20 05:06:19 +0000
Processing by MetricsController#index as HTML
Completed 200 OK in 12ms (Views: 0.3ms | ActiveRecord: 0.0ms | Elasticsearch: 0.0ms)
Started GET "/help" for 127.0.0.1 at 2020-02-20 05:06:19 +0000
Processing by HelpController#index as */*
Completed 200 OK in 334ms (Views: 329.5ms | ActiveRecord: 1.1ms | Elasticsearch: 0.0ms)
Started GET "/-/metrics" for 127.0.0.1 at 2020-02-20 05:06:34 +0000
Processing by MetricsController#index as HTML
Completed 200 OK in 12ms (Views: 0.3ms | ActiveRecord: 0.0ms | Elasticsearch: 0.0ms)
Started GET "/-/metrics" for 127.0.0.1 at 2020-02-20 05:06:49 +0000
Processing by MetricsController#index as HTML
Completed 200 OK in 14ms (Views: 0.5ms | ActiveRecord: 0.0ms | Elasticsearch: 0.0ms)
Started POST "/users/sign_in" for 172.28.0.1 at 2020-02-20 05:07:01 +0000
Processing by SessionsController#create as HTML
  Parameters: {"utf8"=>"✓", "authenticity_token"=>"[FILTERED]", "user"=>{"login"=>"gitlab", "password"=>"[FILTERED]", "remember_me"=>"0"}}
Completed 401 Unauthorized in 498ms (ActiveRecord: 4.5ms | Elasticsearch: 0.0ms)
Processing by SessionsController#new as HTML
  Parameters: {"utf8"=>"✓", "authenticity_token"=>"[FILTERED]", "user"=>{"login"=>"gitlab", "password"=>"[FILTERED]", "remember_me"=>"0"}}
Completed 200 OK in 397ms (Views: 128.2ms | ActiveRecord: 13.6ms | Elasticsearch: 0.0ms)
Started GET "/-/metrics" for 127.0.0.1 at 2020-02-20 05:07:04 +0000
Processing by MetricsController#index as HTML
Completed 200 OK in 15ms (Views: 0.4ms | ActiveRecord: 0.0ms | Elasticsearch: 0.0ms)
Started POST "/users/sign_in" for 172.28.0.1 at 2020-02-20 05:07:07 +0000
Processing by SessionsController#create as HTML
  Parameters: {"utf8"=>"✓", "authenticity_token"=>"[FILTERED]", "user"=>{"login"=>"root", "password"=>"[FILTERED]", "remember_me"=>"0"}}
Completed 401 Unauthorized in 346ms (ActiveRecord: 241.9ms | Elasticsearch: 0.0ms)
Processing by SessionsController#new as HTML
  Parameters: {"utf8"=>"✓", "authenticity_token"=>"[FILTERED]", "user"=>{"login"=>"root", "password"=>"[FILTERED]", "remember_me"=>"0"}}
Completed 200 OK in 176ms (Views: 68.5ms | ActiveRecord: 1.9ms | Elasticsearch: 0.0ms)
Started GET "/-/metrics" for 127.0.0.1 at 2020-02-20 05:07:19 +0000
Processing by MetricsController#index as HTML
Completed 200 OK in 13ms (Views: 0.4ms | ActiveRecord: 0.0ms | Elasticsearch: 0.0ms)
Started GET "/help" for 127.0.0.1 at 2020-02-20 05:07:20 +0000
Processing by HelpController#index as */*
Completed 200 OK in 1701ms (Views: 1694.1ms | ActiveRecord: 1.3ms | Elasticsearch: 0.0ms)
Started GET "/-/metrics" for 127.0.0.1 at 2020-02-20 05:07:34 +0000
Processing by MetricsController#index as HTML
Completed 200 OK in 19ms (Views: 0.4ms | ActiveRecord: 0.0ms | Elasticsearch: 0.0ms)
Started GET "/-/metrics" for 127.0.0.1 at 2020-02-20 05:07:49 +0000
Processing by MetricsController#index as HTML
Completed 200 OK in 15ms (Views: 0.4ms | ActiveRecord: 0.0ms | Elasticsearch: 0.0ms)
Started GET "/-/metrics" for 127.0.0.1 at 2020-02-20 05:08:04 +0000
Processing by MetricsController#index as HTML
Completed 200 OK in 12ms (Views: 0.4ms | ActiveRecord: 0.0ms | Elasticsearch: 0.0ms)
Started GET "/-/metrics" for 127.0.0.1 at 2020-02-20 05:08:19 +0000
Processing by MetricsController#index as HTML
Completed 200 OK in 17ms (Views: 0.3ms | ActiveRecord: 0.0ms | Elasticsearch: 0.0ms)
Started GET "/help" for 127.0.0.1 at 2020-02-20 05:08:23 +0000
Processing by HelpController#index as */*
Completed 200 OK in 324ms (Views: 320.2ms | ActiveRecord: 1.0ms | Elasticsearch: 0.0ms)
Started GET "/-/metrics" for 127.0.0.1 at 2020-02-20 05:08:34 +0000
Processing by MetricsController#index as HTML
Completed 200 OK in 17ms (Views: 0.4ms | ActiveRecord: 0.0ms | Elasticsearch: 0.0ms)
Started GET "/-/metrics" for 127.0.0.1 at 2020-02-20 05:08:49 +0000
Processing by MetricsController#index as HTML
Completed 200 OK in 15ms (Views: 0.4ms | ActiveRecord: 0.0ms | Elasticsearch: 0.0ms)
Started GET "/-/metrics" for 127.0.0.1 at 2020-02-20 05:09:04 +0000
Processing by MetricsController#index as HTML
Completed 200 OK in 17ms (Views: 0.3ms | ActiveRecord: 0.0ms | Elasticsearch: 0.0ms)
Started GET "/-/metrics" for 127.0.0.1 at 2020-02-20 05:09:19 +0000
Processing by MetricsController#index as HTML
Completed 200 OK in 16ms (Views: 0.3ms | ActiveRecord: 0.0ms | Elasticsearch: 0.0ms)
Started GET "/help" for 127.0.0.1 at 2020-02-20 05:09:23 +0000
Processing by HelpController#index as */*
Completed 200 OK in 327ms (Views: 323.3ms | ActiveRecord: 1.1ms | Elasticsearch: 0.0ms)
Started GET "/-/metrics" for 127.0.0.1 at 2020-02-20 05:09:34 +0000
Processing by MetricsController#index as HTML
Completed 200 OK in 16ms (Views: 0.4ms | ActiveRecord: 0.0ms | Elasticsearch: 0.0ms)
Started GET "/-/metrics" for 127.0.0.1 at 2020-02-20 05:09:49 +0000
Processing by MetricsController#index as HTML
Completed 200 OK in 12ms (Views: 0.4ms | ActiveRecord: 0.0ms | Elasticsearch: 0.0ms)
Started GET "/-/metrics" for 127.0.0.1 at 2020-02-20 05:10:04 +0000
Processing by MetricsController#index as HTML
Completed 200 OK in 12ms (Views: 0.3ms | ActiveRecord: 0.0ms | Elasticsearch: 0.0ms)
Started GET "/-/metrics" for 127.0.0.1 at 2020-02-20 05:10:19 +0000
Processing by MetricsController#index as HTML
Completed 200 OK in 18ms (Views: 0.4ms | ActiveRecord: 0.0ms | Elasticsearch: 0.0ms)
Started GET "/help" for 127.0.0.1 at 2020-02-20 05:10:24 +0000
Processing by HelpController#index as */*
Completed 200 OK in 313ms (Views: 309.3ms | ActiveRecord: 1.0ms | Elasticsearch: 0.0ms)
Started GET "/-/metrics" for 127.0.0.1 at 2020-02-20 05:10:34 +0000
Processing by MetricsController#index as HTML
Completed 200 OK in 17ms (Views: 0.4ms | ActiveRecord: 0.0ms | Elasticsearch: 0.0ms)
Started GET "/-/metrics" for 127.0.0.1 at 2020-02-20 05:10:49 +0000
Processing by MetricsController#index as HTML
Completed 200 OK in 17ms (Views: 0.3ms | ActiveRecord: 0.0ms | Elasticsearch: 0.0ms)
Started GET "/-/metrics" for 127.0.0.1 at 2020-02-20 05:11:04 +0000
Processing by MetricsController#index as HTML
Completed 200 OK in 12ms (Views: 0.3ms | ActiveRecord: 0.0ms | Elasticsearch: 0.0ms)
Started GET "/-/metrics" for 127.0.0.1 at 2020-02-20 05:11:19 +0000
Processing by MetricsController#index as HTML
Completed 200 OK in 12ms (Views: 0.3ms | ActiveRecord: 0.0ms | Elasticsearch: 0.0ms)
Started GET "/help" for 127.0.0.1 at 2020-02-20 05:11:25 +0000
Processing by HelpController#index as */*
Completed 200 OK in 333ms (Views: 328.5ms | ActiveRecord: 1.0ms | Elasticsearch: 0.0ms)
Started GET "/-/metrics" for 127.0.0.1 at 2020-02-20 05:11:34 +0000
Processing by MetricsController#index as HTML
Completed 200 OK in 17ms (Views: 0.4ms | ActiveRecord: 0.0ms | Elasticsearch: 0.0ms)
Started GET "/-/metrics" for 127.0.0.1 at 2020-02-20 05:11:49 +0000
Processing by MetricsController#index as HTML
Completed 200 OK in 13ms (Views: 0.3ms | ActiveRecord: 0.0ms | Elasticsearch: 0.0ms)
Started GET "/-/metrics" for 127.0.0.1 at 2020-02-20 05:12:04 +0000
Processing by MetricsController#index as HTML
Completed 200 OK in 17ms (Views: 0.3ms | ActiveRecord: 0.0ms | Elasticsearch: 0.0ms)
Started GET "/-/metrics" for 127.0.0.1 at 2020-02-20 05:12:19 +0000
Processing by MetricsController#index as HTML
Completed 200 OK in 12ms (Views: 0.3ms | ActiveRecord: 0.0ms | Elasticsearch: 0.0ms)
Started GET "/help" for 127.0.0.1 at 2020-02-20 05:12:25 +0000
Processing by HelpController#index as */*
Completed 200 OK in 317ms (Views: 312.4ms | ActiveRecord: 1.1ms | Elasticsearch: 0.0ms)
Started GET "/-/metrics" for 127.0.0.1 at 2020-02-20 05:12:34 +0000
Processing by MetricsController#index as HTML
Completed 200 OK in 13ms (Views: 0.4ms | ActiveRecord: 0.0ms | Elasticsearch: 0.0ms)
Started GET "/-/metrics" for 127.0.0.1 at 2020-02-20 05:12:49 +0000
Processing by MetricsController#index as HTML
Completed 200 OK in 13ms (Views: 0.4ms | ActiveRecord: 0.0ms | Elasticsearch: 0.0ms)
Started GET "/-/metrics" for 127.0.0.1 at 2020-02-20 05:13:04 +0000
Processing by MetricsController#index as HTML
Completed 200 OK in 17ms (Views: 0.3ms | ActiveRecord: 0.0ms | Elasticsearch: 0.0ms)
Started GET "/-/metrics" for 127.0.0.1 at 2020-02-20 05:13:19 +0000
Processing by MetricsController#index as HTML
Completed 200 OK in 19ms (Views: 0.4ms | ActiveRecord: 0.0ms | Elasticsearch: 0.0ms)
Started GET "/help" for 127.0.0.1 at 2020-02-20 05:13:26 +0000
Processing by HelpController#index as */*
Completed 200 OK in 363ms (Views: 358.8ms | ActiveRecord: 0.9ms | Elasticsearch: 0.0ms)
Started GET "/-/metrics" for 127.0.0.1 at 2020-02-20 05:13:34 +0000
Processing by MetricsController#index as HTML
Completed 200 OK in 12ms (Views: 0.4ms | ActiveRecord: 0.0ms | Elasticsearch: 0.0ms)
Started GET "/-/metrics" for 127.0.0.1 at 2020-02-20 05:13:49 +0000
Processing by MetricsController#index as HTML
Completed 200 OK in 13ms (Views: 0.4ms | ActiveRecord: 0.0ms | Elasticsearch: 0.0ms)
Started GET "/-/metrics" for 127.0.0.1 at 2020-02-20 05:14:04 +0000
Processing by MetricsController#index as HTML
Completed 200 OK in 13ms (Views: 0.4ms | ActiveRecord: 0.0ms | Elasticsearch: 0.0ms)
Started GET "/-/metrics" for 127.0.0.1 at 2020-02-20 05:14:19 +0000
Processing by MetricsController#index as HTML
Completed 200 OK in 16ms (Views: 0.3ms | ActiveRecord: 0.0ms | Elasticsearch: 0.0ms)
Started GET "/help" for 127.0.0.1 at 2020-02-20 05:14:27 +0000
Processing by HelpController#index as */*
Completed 200 OK in 398ms (Views: 382.7ms | ActiveRecord: 10.2ms | Elasticsearch: 0.0ms)
Started GET "/-/metrics" for 127.0.0.1 at 2020-02-20 05:14:34 +0000
Processing by MetricsController#index as HTML
Completed 200 OK in 15ms (Views: 0.3ms | ActiveRecord: 0.0ms | Elasticsearch: 0.0ms)
Started GET "/-/metrics" for 127.0.0.1 at 2020-02-20 05:14:49 +0000
Processing by MetricsController#index as HTML
Completed 200 OK in 12ms (Views: 0.3ms | ActiveRecord: 0.0ms | Elasticsearch: 0.0ms)
Started GET "/-/metrics" for 127.0.0.1 at 2020-02-20 05:15:04 +0000
Processing by MetricsController#index as HTML
Completed 200 OK in 13ms (Views: 0.3ms | ActiveRecord: 0.0ms | Elasticsearch: 0.0ms)
Started GET "/-/metrics" for 127.0.0.1 at 2020-02-20 05:15:19 +0000
Processing by MetricsController#index as HTML
Completed 200 OK in 14ms (Views: 0.4ms | ActiveRecord: 0.0ms | Elasticsearch: 0.0ms)
Started GET "/help" for 127.0.0.1 at 2020-02-20 05:15:27 +0000
Processing by HelpController#index as */*
Completed 200 OK in 361ms (Views: 338.0ms | ActiveRecord: 20.2ms | Elasticsearch: 0.0ms)
Started GET "/-/metrics" for 127.0.0.1 at 2020-02-20 05:15:34 +0000
Processing by MetricsController#index as HTML
Completed 200 OK in 15ms (Views: 0.4ms | ActiveRecord: 0.0ms | Elasticsearch: 0.0ms)
Started GET "/-/metrics" for 127.0.0.1 at 2020-02-20 05:15:49 +0000
Processing by MetricsController#index as HTML
Completed 200 OK in 16ms (Views: 0.5ms | ActiveRecord: 0.0ms | Elasticsearch: 0.0ms)
Started GET "/-/metrics" for 127.0.0.1 at 2020-02-20 05:16:04 +0000
Processing by MetricsController#index as HTML
Completed 200 OK in 13ms (Views: 0.4ms | ActiveRecord: 0.0ms | Elasticsearch: 0.0ms)
Started POST "/users/sign_in" for 172.28.0.1 at 2020-02-20 05:16:07 +0000
Processing by SessionsController#create as HTML
  Parameters: {"utf8"=>"✓", "authenticity_token"=>"[FILTERED]", "user"=>{"login"=>"root", "password"=>"[FILTERED]", "remember_me"=>"0"}}
Completed 401 Unauthorized in 308ms (ActiveRecord: 45.3ms | Elasticsearch: 0.0ms)
Processing by SessionsController#new as HTML
  Parameters: {"utf8"=>"✓", "authenticity_token"=>"[FILTERED]", "user"=>{"login"=>"root", "password"=>"[FILTERED]", "remember_me"=>"0"}}
Completed 200 OK in 97ms (Views: 16.5ms | ActiveRecord: 2.8ms | Elasticsearch: 0.0ms)
Started POST "/users/sign_in" for 172.28.0.1 at 2020-02-20 05:16:14 +0000
Processing by SessionsController#create as HTML
  Parameters: {"utf8"=>"✓", "authenticity_token"=>"[FILTERED]", "user"=>{"login"=>"root", "password"=>"[FILTERED]", "remember_me"=>"0"}}
Redirected to http://172.28.0.3/
Completed 302 Found in 344ms (ActiveRecord: 102.9ms | Elasticsearch: 0.0ms)
Started GET "/" for 172.28.0.1 at 2020-02-20 05:16:14 +0000
Processing by RootController#index as HTML
Completed 200 OK in 140ms (Views: 85.6ms | ActiveRecord: 35.2ms | Elasticsearch: 0.0ms)
Started GET "/-/metrics" for 127.0.0.1 at 2020-02-20 05:16:19 +0000
Processing by MetricsController#index as HTML
Completed 200 OK in 17ms (Views: 0.4ms | ActiveRecord: 0.0ms | Elasticsearch: 0.0ms)
Started GET "/profile" for 172.28.0.1 at 2020-02-20 05:16:19 +0000
Processing by ProfilesController#show as HTML
Completed 200 OK in 1424ms (Views: 1158.8ms | ActiveRecord: 35.6ms | Elasticsearch: 0.0ms)
Started GET "/profile/account" for 172.28.0.1 at 2020-02-20 05:16:28 +0000
Processing by Profiles::AccountsController#show as HTML
Started GET "/help" for 127.0.0.1 at 2020-02-20 05:16:28 +0000
Processing by HelpController#index as */*
Completed 200 OK in 445ms (Views: 315.8ms | ActiveRecord: 17.0ms | Elasticsearch: 0.0ms)
Completed 200 OK in 359ms (Views: 354.6ms | ActiveRecord: 0.9ms | Elasticsearch: 0.0ms)
Started GET "/-/metrics" for 127.0.0.1 at 2020-02-20 05:16:34 +0000
Processing by MetricsController#index as HTML
Completed 200 OK in 18ms (Views: 0.4ms | ActiveRecord: 0.0ms | Elasticsearch: 0.0ms)
Started GET "/profile/emails" for 172.28.0.1 at 2020-02-20 05:16:35 +0000
Processing by Profiles::EmailsController#index as HTML
Completed 200 OK in 58ms (Views: 41.7ms | ActiveRecord: 3.5ms | Elasticsearch: 0.0ms)
Started GET "/admin" for 172.28.0.1 at 2020-02-20 05:16:39 +0000
Processing by Admin::DashboardController#index as HTML
Completed 200 OK in 225ms (Views: 135.3ms | ActiveRecord: 48.6ms | Elasticsearch: 0.0ms)
Started GET "/api/v4/application/statistics" for 172.28.0.1 at 2020-02-20 05:16:39 +0000
Processing by Gitlab::RequestForgeryProtection::Controller#index as JSON
Completed 200 OK in 1ms (ActiveRecord: 0.0ms | Elasticsearch: 0.0ms)
Started GET "/admin/users" for 172.28.0.1 at 2020-02-20 05:16:41 +0000
Processing by Admin::UsersController#index as HTML
Completed 200 OK in 155ms (Views: 118.4ms | ActiveRecord: 18.3ms | Elasticsearch: 0.0ms)
Started POST "/users/sign_out" for 172.28.0.1 at 2020-02-20 05:16:46 +0000
Processing by SessionsController#destroy as HTML
  Parameters: {"authenticity_token"=>"[FILTERED]"}
Redirected to http://172.28.0.3/users/sign_in
Completed 302 Found in 114ms (ActiveRecord: 2.3ms | Elasticsearch: 0.0ms)
Started GET "/users/sign_in" for 172.28.0.1 at 2020-02-20 05:16:47 +0000
Processing by SessionsController#new as HTML
Completed 200 OK in 23ms (Views: 13.2ms | ActiveRecord: 1.3ms | Elasticsearch: 0.0ms)
Started GET "/-/metrics" for 127.0.0.1 at 2020-02-20 05:16:49 +0000
Processing by MetricsController#index as HTML
Completed 200 OK in 18ms (Views: 0.5ms | ActiveRecord: 0.0ms | Elasticsearch: 0.0ms)
Started GET "/-/metrics" for 127.0.0.1 at 2020-02-20 05:17:04 +0000
Processing by MetricsController#index as HTML
Completed 200 OK in 18ms (Views: 0.5ms | ActiveRecord: 0.0ms | Elasticsearch: 0.0ms)
Started GET "/-/metrics" for 127.0.0.1 at 2020-02-20 05:17:19 +0000
Processing by MetricsController#index as HTML
Completed 200 OK in 13ms (Views: 0.4ms | ActiveRecord: 0.0ms | Elasticsearch: 0.0ms)
Started GET "/help" for 127.0.0.1 at 2020-02-20 05:17:29 +0000
Processing by HelpController#index as */*
Completed 200 OK in 334ms (Views: 330.3ms | ActiveRecord: 0.9ms | Elasticsearch: 0.0ms)
Started GET "/-/metrics" for 127.0.0.1 at 2020-02-20 05:17:34 +0000
Processing by MetricsController#index as HTML
Completed 200 OK in 14ms (Views: 0.4ms | ActiveRecord: 0.0ms | Elasticsearch: 0.0ms)
